[2021-11-05T10:03:28.901] [DEBUG] cheese - login => username:zs,password:123456
[2021-11-05T10:03:28.909] [DEBUG] cheese - zs
[2021-11-05T10:03:28.925] [DEBUG] cheese - null
[2021-11-05T10:03:28.925] [DEBUG] cheese - null
[2021-11-05T10:04:29.921] [DEBUG] cheese - login => username:admin,password:123456
[2021-11-05T10:04:29.921] [DEBUG] cheese - admin
[2021-11-05T10:04:29.926] [DEBUG] cheese - null
[2021-11-05T10:04:29.927] [DEBUG] cheese - null
[2021-11-05T16:19:18.268] [DEBUG] cheese - login => username:admin,password:123451111
[2021-11-05T16:19:18.270] [DEBUG] cheese - admin
[2021-11-05T16:19:18.605] [DEBUG] cheese - null
[2021-11-05T16:19:18.605] [DEBUG] cheese - null
[2021-11-05T16:32:45.122] [DEBUG] cheese - login => username:admin,password:1234511
[2021-11-05T16:32:45.122] [DEBUG] cheese - admin
[2021-11-05T16:32:45.140] [DEBUG] cheese - null
[2021-11-05T16:32:45.140] [DEBUG] cheese - null
[2021-11-05T16:32:53.121] [DEBUG] cheese - login => username:admin,password:1234511
[2021-11-05T16:32:53.121] [DEBUG] cheese - admin
[2021-11-05T16:32:53.125] [DEBUG] cheese - null
[2021-11-05T16:32:53.125] [DEBUG] cheese - null
[2021-11-05T16:33:52.519] [DEBUG] cheese - login => username:admin,password:123456
[2021-11-05T16:33:52.521] [DEBUG] cheese - admin
[2021-11-05T16:33:52.544] [DEBUG] cheese - null
[2021-11-05T16:33:52.545] [DEBUG] cheese - null
[2021-11-05T16:33:57.635] [DEBUG] cheese - login => username:admin,password:123456
[2021-11-05T16:33:57.635] [DEBUG] cheese - admin
[2021-11-05T16:33:57.643] [DEBUG] cheese - null
[2021-11-05T16:33:57.643] [DEBUG] cheese - null
[2021-11-05T16:35:07.405] [DEBUG] cheese - login => username:admin,password:123452
[2021-11-05T16:35:07.406] [DEBUG] cheese - admin
[2021-11-05T16:35:07.411] [DEBUG] cheese - null
[2021-11-05T16:35:07.411] [DEBUG] cheese - null
[2021-11-05T16:35:15.454] [DEBUG] cheese - login => username:admin,password:123456
[2021-11-05T16:35:15.454] [DEBUG] cheese - admin
[2021-11-05T16:35:15.460] [DEBUG] cheese - null
[2021-11-05T16:35:15.461] [DEBUG] cheese - null
[2021-11-05T16:35:38.904] [DEBUG] cheese - login => username:admin,password:1234511
[2021-11-05T16:35:38.904] [DEBUG] cheese - admin
[2021-11-05T16:35:38.912] [DEBUG] cheese - null
[2021-11-05T16:35:38.912] [DEBUG] cheese - null
[2021-11-05T16:52:49.313] [DEBUG] cheese - login => username:admin,password:123456
[2021-11-05T16:52:49.314] [DEBUG] cheese - admin
[2021-11-05T16:52:49.325] [DEBUG] cheese - null
[2021-11-05T16:52:49.326] [DEBUG] cheese - null
[2021-11-05T17:14:49.936] [DEBUG] cheese - login => username:admin,password:123456
[2021-11-05T17:14:49.936] [DEBUG] cheese - admin
[2021-11-05T17:14:49.947] [DEBUG] cheese - null
[2021-11-05T17:14:49.947] [DEBUG] cheese - null
[2021-11-05T17:14:53.903] [DEBUG] cheese - login => username:admin,password:123456
[2021-11-05T17:14:53.904] [DEBUG] cheese - admin
[2021-11-05T17:14:53.908] [DEBUG] cheese - null
[2021-11-05T17:14:53.909] [DEBUG] cheese - null
[2021-11-06T15:43:57.685] [DEBUG] cheese - login => username:admin,password:123456
[2021-11-06T15:43:57.687] [DEBUG] cheese - admin
[2021-11-06T15:43:57.987] [DEBUG] cheese - null
[2021-11-06T15:43:57.988] [DEBUG] cheese - null
[2021-11-06T16:23:41.984] [DEBUG] cheese - login => username:admin,password:123456
[2021-11-06T16:23:41.984] [DEBUG] cheese - admin
[2021-11-06T16:23:41.994] [DEBUG] cheese - null
[2021-11-06T16:23:41.994] [DEBUG] cheese - null
[2021-11-08T10:58:10.204] [DEBUG] cheese - login => username:admin,password:123456
[2021-11-08T10:58:10.220] [DEBUG] cheese - admin
[2021-11-08T10:58:11.585] [DEBUG] cheese - null
[2021-11-08T10:58:11.586] [DEBUG] cheese - null
[2021-11-08T11:10:54.886] [DEBUG] cheese - login => username:admin,password:123456
[2021-11-08T11:10:54.886] [DEBUG] cheese - admin
[2021-11-08T11:10:54.891] [DEBUG] cheese - null
[2021-11-08T11:10:54.891] [DEBUG] cheese - null
[2021-11-08T15:06:29.387] [DEBUG] cheese - login => username:admin,password:123456
[2021-11-08T15:06:29.388] [DEBUG] cheese - admin
[2021-11-08T15:06:29.645] [DEBUG] cheese - null
[2021-11-08T15:06:29.645] [DEBUG] cheese - null
[2021-11-09T11:20:54.853] [DEBUG] cheese - login => username:admin,password:123456
[2021-11-09T11:20:54.854] [DEBUG] cheese - admin
[2021-11-09T11:20:55.535] [DEBUG] cheese - null
[2021-11-09T11:20:55.535] [DEBUG] cheese - null
[2021-11-09T18:09:50.884] [DEBUG] cheese - null
[2021-11-09T18:12:05.394] [DEBUG] cheese - null
[2021-11-09T18:12:12.634] [DEBUG] cheese - null
[2021-11-10T10:59:08.244] [DEBUG] cheese - login => username:admin,password:123456
[2021-11-10T10:59:08.246] [DEBUG] cheese - admin
[2021-11-10T10:59:08.626] [DEBUG] cheese - null
[2021-11-10T10:59:08.626] [DEBUG] cheese - null
[2021-11-21T15:06:16.800] [DEBUG] cheese - login => username:admin,password:123456
[2021-11-21T15:06:16.801] [DEBUG] cheese - admin
[2021-11-21T15:06:17.864] [DEBUG] cheese - null
[2021-11-21T15:06:17.865] [DEBUG] cheese - null
[2021-11-22T16:58:18.806] [DEBUG] cheese - login => username:admin,password:123456
[2021-11-22T16:58:18.807] [DEBUG] cheese - admin
[2021-11-22T16:58:19.164] [DEBUG] cheese - null
[2021-11-22T16:58:19.164] [DEBUG] cheese - null
